app/build/intermediates/manifest_merge_blame_file/debug/manifest-merger-blame-debug-report.txt
1<?xml version="1.0" encoding="utf-8"?>
2<manifest xmlns:android="http://schemas.android.com/apk/res/android"
3    coreApp="true"
4    package="com.android.settings"
5    android:sharedUserId="android.uid.system" >
6
7    <uses-sdk
8        android:minSdkVersion="1"
8-->src/main/AndroidManifest.xml
9        android:targetSdkVersion="1" />
9-->src/main/AndroidManifest.xml
10
11    <original-package android:name="com.android.settings" />
11-->src/main/AndroidManifest.xml:6:5-60
11-->src/main/AndroidManifest.xml:6:23-58
12
13    <uses-permission android:name="android.permission.REQUEST_NETWORK_SCORES" />
13-->src/main/AndroidManifest.xml:8:5-81
13-->src/main/AndroidManifest.xml:8:22-78
14    <uses-permission android:name="android.permission.WRITE_MEDIA_STORAGE" />
14-->src/main/AndroidManifest.xml:9:5-78
14-->src/main/AndroidManifest.xml:9:22-75
15    <uses-permission android:name="android.permission.MANAGE_EXTERNAL_STORAGE" />
15-->src/main/AndroidManifest.xml:10:5-82
15-->src/main/AndroidManifest.xml:10:22-79
16    <uses-permission android:name="android.permission.WRITE_EXTERNAL_STORAGE" />
16-->src/main/AndroidManifest.xml:11:5-81
16-->src/main/AndroidManifest.xml:11:22-78
17    <uses-permission android:name="android.permission.READ_MEDIA_IMAGES" />
17-->src/main/AndroidManifest.xml:12:5-76
17-->src/main/AndroidManifest.xml:12:22-73
18    <uses-permission android:name="android.permission.READ_MEDIA_VIDEO" />
18-->src/main/AndroidManifest.xml:13:5-75
18-->src/main/AndroidManifest.xml:13:22-72
19    <uses-permission android:name="android.permission.READ_MEDIA_AUDIO" />
19-->src/main/AndroidManifest.xml:14:5-75
19-->src/main/AndroidManifest.xml:14:22-72
20    <uses-permission android:name="android.permission.WRITE_SETTINGS" />
20-->src/main/AndroidManifest.xml:15:5-73
20-->src/main/AndroidManifest.xml:15:22-70
21    <uses-permission android:name="android.permission.WRITE_SECURE_SETTINGS" />
21-->src/main/AndroidManifest.xml:16:5-80
21-->src/main/AndroidManifest.xml:16:22-77
22    <uses-permission android:name="android.permission.DEVICE_POWER" />
22-->src/main/AndroidManifest.xml:17:5-71
22-->src/main/AndroidManifest.xml:17:22-68
23    <uses-permission android:name="android.permission.CHANGE_CONFIGURATION" />
23-->src/main/AndroidManifest.xml:18:5-79
23-->src/main/AndroidManifest.xml:18:22-76
24    <uses-permission android:name="android.permission.MOUNT_UNMOUNT_FILESYSTEMS" />
24-->src/main/AndroidManifest.xml:19:5-84
24-->src/main/AndroidManifest.xml:19:22-81
25    <uses-permission android:name="android.permission.VIBRATE" />
25-->src/main/AndroidManifest.xml:20:5-66
25-->src/main/AndroidManifest.xml:20:22-63
26    <uses-permission android:name="android.permission.BLUETOOTH_ADVERTISE" />
26-->src/main/AndroidManifest.xml:21:5-78
26-->src/main/AndroidManifest.xml:21:22-75
27    <uses-permission android:name="android.permission.BLUETOOTH_CONNECT" />
27-->src/main/AndroidManifest.xml:22:5-76
27-->src/main/AndroidManifest.xml:22:22-73
28    <uses-permission android:name="android.permission.BLUETOOTH_SCAN" />
28-->src/main/AndroidManifest.xml:23:5-73
28-->src/main/AndroidManifest.xml:23:22-70
29    <uses-permission android:name="android.permission.BLUETOOTH_PRIVILEGED" />
29-->src/main/AndroidManifest.xml:24:5-79
29-->src/main/AndroidManifest.xml:24:22-76
30    <uses-permission android:name="android.permission.NFC" />
30-->src/main/AndroidManifest.xml:25:5-62
30-->src/main/AndroidManifest.xml:25:22-59
31    <uses-permission android:name="android.permission.HARDWARE_TEST" />
31-->src/main/AndroidManifest.xml:26:5-72
31-->src/main/AndroidManifest.xml:26:22-69
32    <uses-permission android:name="android.permission.CALL_PHONE" />
32-->src/main/AndroidManifest.xml:27:5-69
32-->src/main/AndroidManifest.xml:27:22-66
33    <uses-permission android:name="android.permission.MODIFY_AUDIO_SETTINGS" />
33-->src/main/AndroidManifest.xml:28:5-80
33-->src/main/AndroidManifest.xml:28:22-77
34    <uses-permission android:name="android.permission.QUERY_AUDIO_STATE" />
34-->src/main/AndroidManifest.xml:29:5-76
34-->src/main/AndroidManifest.xml:29:22-73
35    <uses-permission android:name="android.permission.MASTER_CLEAR" />
35-->src/main/AndroidManifest.xml:30:5-71
35-->src/main/AndroidManifest.xml:30:22-68
36    <uses-permission android:name="com.google.android.googleapps.permission.GOOGLE_AUTH" />
36-->src/main/AndroidManifest.xml:31:5-92
36-->src/main/AndroidManifest.xml:31:22-89
37    <uses-permission android:name="android.permission.ACCESS_DOWNLOAD_MANAGER" />
37-->src/main/AndroidManifest.xml:32:5-82
37-->src/main/AndroidManifest.xml:32:22-79
38    <uses-permission android:name="android.permission.READ_CONTACTS" />
38-->src/main/AndroidManifest.xml:33:5-72
38-->src/main/AndroidManifest.xml:33:22-69
39    <uses-permission android:name="android.permission.WRITE_CONTACTS" />
39-->src/main/AndroidManifest.xml:34:5-73
39-->src/main/AndroidManifest.xml:34:22-70
40    <uses-permission android:name="android.permission.ACCESS_NETWORK_STATE" />
40-->src/main/AndroidManifest.xml:35:5-79
40-->src/main/AndroidManifest.xml:35:22-76
41    <uses-permission android:name="android.permission.LOCAL_MAC_ADDRESS" />
41-->src/main/AndroidManifest.xml:36:5-76
41-->src/main/AndroidManifest.xml:36:22-73
42    <uses-permission android:name="android.permission.ACCESS_WIFI_STATE" />
42-->src/main/AndroidManifest.xml:37:5-76
42-->src/main/AndroidManifest.xml:37:22-73
43    <uses-permission android:name="com.android.certinstaller.INSTALL_AS_USER" />
43-->src/main/AndroidManifest.xml:38:5-81
43-->src/main/AndroidManifest.xml:38:22-78
44    <uses-permission android:name="android.permission.CHANGE_WIFI_STATE" />
44-->src/main/AndroidManifest.xml:39:5-76
44-->src/main/AndroidManifest.xml:39:22-73
45    <uses-permission android:name="android.permission.TETHER_PRIVILEGED" />
45-->src/main/AndroidManifest.xml:40:5-76
45-->src/main/AndroidManifest.xml:40:22-73
46    <uses-permission android:name="android.permission.FOREGROUND_SERVICE" />
46-->src/main/AndroidManifest.xml:41:5-76
46-->src/main/AndroidManifest.xml:41:22-74
47    <uses-permission android:name="android.permission.INTERNET" />
47-->src/main/AndroidManifest.xml:42:5-67
47-->src/main/AndroidManifest.xml:42:22-64
48    <uses-permission android:name="android.permission.CLEAR_APP_USER_DATA" />
48-->src/main/AndroidManifest.xml:43:5-78
48-->src/main/AndroidManifest.xml:43:22-75
49    <uses-permission android:name="android.permission.READ_PHONE_STATE" />
49-->src/main/AndroidManifest.xml:44:5-75
49-->src/main/AndroidManifest.xml:44:22-72
50    <uses-permission android:name="android.permission.READ_PRIVILEGED_PHONE_STATE" />
50-->src/main/AndroidManifest.xml:45:5-86
50-->src/main/AndroidManifest.xml:45:22-83
51    <uses-permission android:name="android.permission.MODIFY_PHONE_STATE" />
51-->src/main/AndroidManifest.xml:46:5-77
51-->src/main/AndroidManifest.xml:46:22-74
52    <uses-permission android:name="android.permission.ACCESS_FINE_LOCATION" />
52-->src/main/AndroidManifest.xml:47:5-78
52-->src/main/AndroidManifest.xml:47:22-76
53    <uses-permission android:name="android.permission.WRITE_APN_SETTINGS" />
53-->src/main/AndroidManifest.xml:48:5-76
53-->src/main/AndroidManifest.xml:48:22-74
54    <uses-permission android:name="android.permission.ACCESS_CHECKIN_PROPERTIES" />
54-->src/main/AndroidManifest.xml:49:5-83
54-->src/main/AndroidManifest.xml:49:22-81
55    <uses-permission android:name="android.permission.READ_USER_DICTIONARY" />
55-->src/main/AndroidManifest.xml:50:5-78
55-->src/main/AndroidManifest.xml:50:22-76
56    <uses-permission android:name="android.permission.WRITE_USER_DICTIONARY" />
56-->src/main/AndroidManifest.xml:51:5-79
56-->src/main/AndroidManifest.xml:51:22-77
57    <uses-permission android:name="android.permission.FORCE_STOP_PACKAGES" />
57-->src/main/AndroidManifest.xml:52:5-77
57-->src/main/AndroidManifest.xml:52:22-75
58    <uses-permission android:name="android.permission.PACKAGE_USAGE_STATS" />
58-->src/main/AndroidManifest.xml:53:5-77
58-->src/main/AndroidManifest.xml:53:22-75
59    <uses-permission android:name="android.permission.BATTERY_STATS" />
59-->src/main/AndroidManifest.xml:54:5-71
59-->src/main/AndroidManifest.xml:54:22-69
60    <uses-permission android:name="com.android.launcher.permission.READ_SETTINGS" />
60-->src/main/AndroidManifest.xml:55:5-85
60-->src/main/AndroidManifest.xml:55:22-82
61    <uses-permission android:name="com.android.launcher.permission.WRITE_SETTINGS" />
61-->src/main/AndroidManifest.xml:56:5-86
61-->src/main/AndroidManifest.xml:56:22-83
62    <uses-permission android:name="android.permission.MOVE_PACKAGE" />
62-->src/main/AndroidManifest.xml:57:5-71
62-->src/main/AndroidManifest.xml:57:22-68
63    <uses-permission android:name="android.permission.USE_CREDENTIALS" />
63-->src/main/AndroidManifest.xml:58:5-74
63-->src/main/AndroidManifest.xml:58:22-71
64    <uses-permission android:name="android.permission.BACKUP" />
64-->src/main/AndroidManifest.xml:59:5-65
64-->src/main/AndroidManifest.xml:59:22-62
65    <uses-permission android:name="android.permission.READ_SYNC_STATS" />
65-->src/main/AndroidManifest.xml:60:5-74
65-->src/main/AndroidManifest.xml:60:22-71
66    <uses-permission android:name="android.permission.READ_SYNC_SETTINGS" />
66-->src/main/AndroidManifest.xml:61:5-77
66-->src/main/AndroidManifest.xml:61:22-74
67    <uses-permission android:name="android.permission.WRITE_SYNC_SETTINGS" />
67-->src/main/AndroidManifest.xml:62:5-78
67-->src/main/AndroidManifest.xml:62:22-75
68    <uses-permission android:name="android.permission.READ_DEVICE_CONFIG" />
68-->src/main/AndroidManifest.xml:63:5-77
68-->src/main/AndroidManifest.xml:63:22-74
69    <uses-permission android:name="android.permission.STATUS_BAR" />
69-->src/main/AndroidManifest.xml:64:5-69
69-->src/main/AndroidManifest.xml:64:22-66
70    <uses-permission android:name="android.permission.MANAGE_USB" />
70-->src/main/AndroidManifest.xml:65:5-69
70-->src/main/AndroidManifest.xml:65:22-66
71    <uses-permission android:name="android.permission.MANAGE_DEBUGGING" />
71-->src/main/AndroidManifest.xml:66:5-75
71-->src/main/AndroidManifest.xml:66:22-72
72    <uses-permission android:name="android.permission.SET_POINTER_SPEED" />
72-->src/main/AndroidManifest.xml:67:5-76
72-->src/main/AndroidManifest.xml:67:22-73
73    <uses-permission android:name="android.permission.SET_KEYBOARD_LAYOUT" />
73-->src/main/AndroidManifest.xml:68:5-78
73-->src/main/AndroidManifest.xml:68:22-75
74    <uses-permission android:name="android.permission.INTERACT_ACROSS_USERS_FULL" />
74-->src/main/AndroidManifest.xml:69:5-85
74-->src/main/AndroidManifest.xml:69:22-82
75    <uses-permission android:name="android.permission.COPY_PROTECTED_DATA" />
75-->src/main/AndroidManifest.xml:70:5-78
75-->src/main/AndroidManifest.xml:70:22-75
76    <uses-permission android:name="android.permission.MANAGE_USERS" />
76-->src/main/AndroidManifest.xml:71:5-71
76-->src/main/AndroidManifest.xml:71:22-68
77    <uses-permission android:name="android.permission.MANAGE_PROFILE_AND_DEVICE_OWNERS" />
77-->src/main/AndroidManifest.xml:72:5-91
77-->src/main/AndroidManifest.xml:72:22-88
78    <uses-permission android:name="android.permission.READ_PROFILE" />
78-->src/main/AndroidManifest.xml:73:5-71
78-->src/main/AndroidManifest.xml:73:22-68
79    <uses-permission android:name="android.permission.CONFIGURE_WIFI_DISPLAY" />
79-->src/main/AndroidManifest.xml:74:5-81
79-->src/main/AndroidManifest.xml:74:22-78
80    <uses-permission android:name="android.permission.CONFIGURE_DISPLAY_COLOR_MODE" />
80-->src/main/AndroidManifest.xml:75:5-87
80-->src/main/AndroidManifest.xml:75:22-84
81    <uses-permission android:name="android.permission.CONTROL_DISPLAY_COLOR_TRANSFORMS" />
81-->src/main/AndroidManifest.xml:76:5-91
81-->src/main/AndroidManifest.xml:76:22-88
82    <uses-permission android:name="android.permission.SUGGEST_MANUAL_TIME_AND_ZONE" />
82-->src/main/AndroidManifest.xml:77:5-87
82-->src/main/AndroidManifest.xml:77:22-84
83    <uses-permission android:name="android.permission.ACCESS_NOTIFICATIONS" />
83-->src/main/AndroidManifest.xml:78:5-79
83-->src/main/AndroidManifest.xml:78:22-76
84    <uses-permission android:name="android.permission.REBOOT" />
84-->src/main/AndroidManifest.xml:79:5-65
84-->src/main/AndroidManifest.xml:79:22-62
85    <uses-permission android:name="android.permission.RECEIVE_BOOT_COMPLETED" />
85-->src/main/AndroidManifest.xml:80:5-81
85-->src/main/AndroidManifest.xml:80:22-78
86    <uses-permission android:name="android.permission.MANAGE_DEVICE_ADMINS" />
86-->src/main/AndroidManifest.xml:81:5-79
86-->src/main/AndroidManifest.xml:81:22-76
87    <uses-permission android:name="android.permission.READ_SEARCH_INDEXABLES" />
87-->src/main/AndroidManifest.xml:82:5-81
87-->src/main/AndroidManifest.xml:82:22-78
88    <uses-permission android:name="android.permission.BIND_SETTINGS_SUGGESTIONS_SERVICE" />
88-->src/main/AndroidManifest.xml:83:5-92
88-->src/main/AndroidManifest.xml:83:22-89
89    <uses-permission android:name="android.permission.OEM_UNLOCK_STATE" />
89-->src/main/AndroidManifest.xml:84:5-75
89-->src/main/AndroidManifest.xml:84:22-72
90    <uses-permission android:name="android.permission.MANAGE_USER_OEM_UNLOCK_STATE" />
90-->src/main/AndroidManifest.xml:85:5-87
90-->src/main/AndroidManifest.xml:85:22-84
91    <uses-permission android:name="android.permission.OVERRIDE_WIFI_CONFIG" />
91-->src/main/AndroidManifest.xml:86:5-79
91-->src/main/AndroidManifest.xml:86:22-76
92    <uses-permission android:name="android.permission.RESTART_WIFI_SUBSYSTEM" />
92-->src/main/AndroidManifest.xml:87:5-81
92-->src/main/AndroidManifest.xml:87:22-78
93    <uses-permission android:name="android.permission.MANAGE_FINGERPRINT" />
93-->src/main/AndroidManifest.xml:88:5-77
93-->src/main/AndroidManifest.xml:88:22-74
94    <uses-permission android:name="android.permission.USE_BIOMETRIC" />
94-->src/main/AndroidManifest.xml:89:5-72
94-->src/main/AndroidManifest.xml:89:22-69
95    <uses-permission android:name="android.permission.USE_BIOMETRIC_INTERNAL" />
95-->src/main/AndroidManifest.xml:90:5-81
95-->src/main/AndroidManifest.xml:90:22-78
96    <uses-permission android:name="android.permission.USER_ACTIVITY" />
96-->src/main/AndroidManifest.xml:91:5-72
96-->src/main/AndroidManifest.xml:91:22-69
97    <uses-permission android:name="android.permission.CHANGE_APP_IDLE_STATE" />
97-->src/main/AndroidManifest.xml:92:5-80
97-->src/main/AndroidManifest.xml:92:22-77
98    <uses-permission android:name="android.permission.PEERS_MAC_ADDRESS" />
98-->src/main/AndroidManifest.xml:93:5-75
98-->src/main/AndroidManifest.xml:93:22-73
99    <uses-permission android:name="android.permission.MANAGE_NOTIFICATIONS" />
99-->src/main/AndroidManifest.xml:94:5-78
99-->src/main/AndroidManifest.xml:94:22-76
100    <uses-permission android:name="android.permission.DELETE_PACKAGES" />
100-->src/main/AndroidManifest.xml:95:5-73
100-->src/main/AndroidManifest.xml:95:22-71
101    <uses-permission android:name="android.permission.REQUEST_DELETE_PACKAGES" />
101-->src/main/AndroidManifest.xml:96:5-82
101-->src/main/AndroidManifest.xml:96:22-79
102    <uses-permission android:name="android.permission.MANAGE_APP_OPS_RESTRICTIONS" />
102-->src/main/AndroidManifest.xml:97:5-85
102-->src/main/AndroidManifest.xml:97:22-83
103    <uses-permission android:name="android.permission.MANAGE_APP_OPS_MODES" />
103-->src/main/AndroidManifest.xml:98:5-79
103-->src/main/AndroidManifest.xml:98:22-76
104    <uses-permission android:name="android.permission.HIDE_NON_SYSTEM_OVERLAY_WINDOWS" />
104-->src/main/AndroidManifest.xml:99:5-89
104-->src/main/AndroidManifest.xml:99:22-87
105    <uses-permission android:name="android.permission.READ_PRINT_SERVICES" />
105-->src/main/AndroidManifest.xml:100:5-78
105-->src/main/AndroidManifest.xml:100:22-75
106    <uses-permission android:name="android.permission.NETWORK_SETTINGS" />
106-->src/main/AndroidManifest.xml:101:5-75
106-->src/main/AndroidManifest.xml:101:22-72
107    <uses-permission android:name="android.permission.TEST_BLACKLISTED_PASSWORD" />
107-->src/main/AndroidManifest.xml:102:5-84
107-->src/main/AndroidManifest.xml:102:22-81
108    <uses-permission android:name="android.permission.USE_RESERVED_DISK" />
108-->src/main/AndroidManifest.xml:103:5-76
108-->src/main/AndroidManifest.xml:103:22-73
109    <uses-permission android:name="android.permission.MANAGE_SCOPED_ACCESS_DIRECTORY_PERMISSIONS" />
109-->src/main/AndroidManifest.xml:104:5-101
109-->src/main/AndroidManifest.xml:104:22-98
110    <uses-permission android:name="android.permission.CAMERA" />
110-->src/main/AndroidManifest.xml:105:5-65
110-->src/main/AndroidManifest.xml:105:22-62
111    <uses-permission android:name="android.permission.MEDIA_CONTENT_CONTROL" />
111-->src/main/AndroidManifest.xml:106:5-80
111-->src/main/AndroidManifest.xml:106:22-77
112    <uses-permission android:name="android.permission.INSTALL_DYNAMIC_SYSTEM" />
112-->src/main/AndroidManifest.xml:107:5-81
112-->src/main/AndroidManifest.xml:107:22-78
113    <uses-permission android:name="android.permission.BIND_CELL_BROADCAST_SERVICE" />
113-->src/main/AndroidManifest.xml:108:5-86
113-->src/main/AndroidManifest.xml:108:22-83
114    <uses-permission android:name="android.permission.SYSTEM_ALERT_WINDOW" />
114-->src/main/AndroidManifest.xml:109:5-78
114-->src/main/AndroidManifest.xml:109:22-75
115    <uses-permission android:name="android.permission.READ_DREAM_STATE" />
115-->src/main/AndroidManifest.xml:110:5-75
115-->src/main/AndroidManifest.xml:110:22-72
116    <uses-permission android:name="android.permission.READ_DREAM_SUPPRESSION" />
116-->src/main/AndroidManifest.xml:111:5-81
116-->src/main/AndroidManifest.xml:111:22-78
117    <uses-permission android:name="android.permission.MANAGE_APP_HIBERNATION" />
117-->src/main/AndroidManifest.xml:112:5-81
117-->src/main/AndroidManifest.xml:112:22-78
118    <uses-permission android:name="android.permission.LAUNCH_MULTI_PANE_SETTINGS_DEEP_LINK" />
118-->src/main/AndroidManifest.xml:113:5-95
118-->src/main/AndroidManifest.xml:113:22-92
119    <uses-permission android:name="android.permission.ALLOW_PLACE_IN_MULTI_PANE_SETTINGS" />
119-->src/main/AndroidManifest.xml:114:5-93
119-->src/main/AndroidManifest.xml:114:22-90
120    <uses-permission android:name="android.permission.POST_NOTIFICATIONS" />
120-->src/main/AndroidManifest.xml:115:5-77
120-->src/main/AndroidManifest.xml:115:22-74
121    <uses-permission android:name="android.permission.READ_APP_SPECIFIC_LOCALES" />
121-->src/main/AndroidManifest.xml:116:5-84
121-->src/main/AndroidManifest.xml:116:22-81
122    <uses-permission android:name="android.permission.QUERY_ADMIN_POLICY" />
122-->src/main/AndroidManifest.xml:117:5-77
122-->src/main/AndroidManifest.xml:117:22-74
123    <uses-permission android:name="android.permission.READ_SAFETY_CENTER_STATUS" />
123-->src/main/AndroidManifest.xml:118:5-84
123-->src/main/AndroidManifest.xml:118:22-81
124    <uses-permission android:name="android.permission.SEND_SAFETY_CENTER_UPDATE" />
124-->src/main/AndroidManifest.xml:119:5-84
124-->src/main/AndroidManifest.xml:119:22-81
125    <uses-permission android:name="android.permission.START_VIEW_APP_FEATURES" />
125-->src/main/AndroidManifest.xml:120:5-82
125-->src/main/AndroidManifest.xml:120:22-79
126    <uses-permission android:name="android.permission.CUSTOMIZE_SYSTEM_UI" />
126-->src/main/AndroidManifest.xml:121:5-78
126-->src/main/AndroidManifest.xml:121:22-75
127
128    <!-- Face Unlock -->
129    <uses-permission android:name="com.android.settings.FACE_UNLOCK" />
129-->src/main/AndroidManifest.xml:124:5-71
129-->src/main/AndroidManifest.xml:124:22-69
130
131    <permission
131-->src/main/AndroidManifest.xml:125:5-110
132        android:name="com.android.settings.FACE_UNLOCK"
132-->src/main/AndroidManifest.xml:125:17-64
133        android:protectionLevel="signatureOrSystem" />
133-->src/main/AndroidManifest.xml:125:65-108
134
135    <application
135-->src/main/AndroidManifest.xml:127:5-4561:19
136        android:name="com.android.settings.SettingsApplication"
136-->src/main/AndroidManifest.xml:128:13-48
137        android:appComponentFactory="androidx.core.app.CoreComponentFactory"
137-->src/main/AndroidManifest.xml:139:13-81
138        android:backupAgent="com.android.settings.backup.SettingsBackupHelper"
138-->src/main/AndroidManifest.xml:135:13-83
139        android:debuggable="true"
140        android:defaultToDeviceProtectedStorage="true"
140-->src/main/AndroidManifest.xml:137:13-59
141        android:directBootAware="true"
141-->src/main/AndroidManifest.xml:138:13-43
142        android:enableOnBackInvokedCallback="true"
142-->src/main/AndroidManifest.xml:140:13-55
143        android:hardwareAccelerated="true"
143-->src/main/AndroidManifest.xml:132:13-47
144        android:icon="@drawable/ic_launcher_settings"
144-->src/main/AndroidManifest.xml:130:13-58
145        android:label="@string/settings_label"
145-->src/main/AndroidManifest.xml:129:13-51
146        android:requiredForAllUsers="true"
146-->src/main/AndroidManifest.xml:133:13-47
147        android:supportsRtl="true"
147-->src/main/AndroidManifest.xml:134:13-39
148        android:testOnly="true"
149        android:theme="@style/Theme.Settings"
149-->src/main/AndroidManifest.xml:131:13-50
150        android:usesCleartextTraffic="true" >
150-->src/main/AndroidManifest.xml:136:13-48
151        <uses-library android:name="org.apache.http.legacy" />
151-->src/main/AndroidManifest.xml:142:9-63
151-->src/main/AndroidManifest.xml:142:23-60
152
153        <!-- Settings -->
154        <activity
154-->src/main/AndroidManifest.xml:145:9-159:20
155            android:name="com.android.settings.homepage.SettingsHomepageActivity"
155-->src/main/AndroidManifest.xml:145:19-68
156            android:configChanges="orientation|keyboard|keyboardHidden|screenSize|screenLayout|smallestScreenSize"
156-->src/main/AndroidManifest.xml:151:19-121
157            android:exported="true"
157-->src/main/AndroidManifest.xml:150:19-42
158            android:label="@string/settings_label_launcher"
158-->src/main/AndroidManifest.xml:146:19-66
159            android:launchMode="singleTask"
159-->src/main/AndroidManifest.xml:149:19-50
160            android:taskAffinity="com.android.settings.root"
160-->src/main/AndroidManifest.xml:148:19-67
161            android:theme="@style/Theme.Settings.Home" >
161-->src/main/AndroidManifest.xml:147:19-61
162            <intent-filter android:priority="1" >
162-->src/main/AndroidManifest.xml:152:13-156:29
162-->src/main/AndroidManifest.xml:152:28-48
163                <action android:name="android.settings.SETTINGS" />
163-->src/main/AndroidManifest.xml:153:17-68
163-->src/main/AndroidManifest.xml:153:25-65
164
165                <category android:name="android.intent.category.BROWSABLE" />
165-->src/main/AndroidManifest.xml:154:17-78
165-->src/main/AndroidManifest.xml:154:27-75
166                <category android:name="android.intent.category.DEFAULT" />
166-->src/main/AndroidManifest.xml:155:17-76
166-->src/main/AndroidManifest.xml:155:27-73
167            </intent-filter>
168
169            <meta-data
169-->src/main/AndroidManifest.xml:157:13-158:47
170                android:name="com.android.settings.PRIMARY_PROFILE_CONTROLLED"
170-->src/main/AndroidManifest.xml:157:24-86
171                android:value="true" />
171-->src/main/AndroidManifest.xml:158:24-44
172        </activity> <!-- Alias for launcher activity only, as this belongs to each profile. -->
173        <activity-alias
173-->src/main/AndroidManifest.xml:191:9-203:26
174            android:name="com.android.settings.Settings"
174-->src/main/AndroidManifest.xml:191:25-48
175            android:exported="true"
175-->src/main/AndroidManifest.xml:195:17-40
176            android:label="@string/settings_label_launcher"
176-->src/main/AndroidManifest.xml:192:17-64
177            android:launchMode="singleTask"
177-->src/main/AndroidManifest.xml:194:17-48
178            android:targetActivity="com.android.settings.homepage.SettingsHomepageActivity"
178-->src/main/AndroidManifest.xml:196:17-76
179            android:taskAffinity="com.android.settings.root" >
179-->src/main/AndroidManifest.xml:193:17-65
180            <intent-filter>
180-->src/main/AndroidManifest.xml:197:13-201:29
181                <action android:name="android.intent.action.MAIN" />
181-->src/main/AndroidManifest.xml:198:17-69
181-->src/main/AndroidManifest.xml:198:25-66
182
183                <category android:name="android.intent.category.DEFAULT" />
183-->src/main/AndroidManifest.xml:155:17-76
183-->src/main/AndroidManifest.xml:155:27-73
184                <category android:name="android.intent.category.LAUNCHER" />
184-->src/main/AndroidManifest.xml:200:17-77
184-->src/main/AndroidManifest.xml:200:27-74
185            </intent-filter>
186
187            <meta-data
187-->src/main/AndroidManifest.xml:202:13-96
188                android:name="android.app.shortcuts"
188-->src/main/AndroidManifest.xml:202:24-60
189                android:resource="@xml/shortcuts" />
189-->src/main/AndroidManifest.xml:202:61-94
190        </activity-alias>
191
192        <!-- Activity for launching deep link page in 2-pane. -->
193        <activity
193-->src/main/AndroidManifest.xml:162:9-176:20
194            android:name="com.android.settings.homepage.DeepLinkHomepageActivity"
194-->src/main/AndroidManifest.xml:162:19-68
195            android:configChanges="orientation|keyboard|keyboardHidden|screenSize|screenLayout|smallestScreenSize"
195-->src/main/AndroidManifest.xml:168:19-121
196            android:enabled="false"
196-->src/main/AndroidManifest.xml:167:19-42
197            android:exported="true"
197-->src/main/AndroidManifest.xml:166:19-42
198            android:label="@string/settings_label_launcher"
198-->src/main/AndroidManifest.xml:163:19-66
199            android:launchMode="singleTask"
199-->src/main/AndroidManifest.xml:165:19-50
200            android:permission="android.permission.LAUNCH_MULTI_PANE_SETTINGS_DEEP_LINK"
200-->src/main/AndroidManifest.xml:169:19-95
201            android:theme="@style/Theme.Settings.Home" >
201-->src/main/AndroidManifest.xml:164:19-61
202            <intent-filter>
202-->src/main/AndroidManifest.xml:170:13-173:29
203                <action android:name="android.settings.SETTINGS_EMBED_DEEP_LINK_ACTIVITY" />
203-->src/main/AndroidManifest.xml:171:17-93
203-->src/main/AndroidManifest.xml:171:25-90
204
205                <category android:name="android.intent.category.DEFAULT" />
205-->src/main/AndroidManifest.xml:155:17-76
205-->src/main/AndroidManifest.xml:155:27-73
206            </intent-filter>
207
208            <meta-data
208-->src/main/AndroidManifest.xml:157:13-158:47
209                android:name="com.android.settings.PRIMARY_PROFILE_CONTROLLED"
209-->src/main/AndroidManifest.xml:157:24-86
210                android:value="true" />
210-->src/main/AndroidManifest.xml:158:24-44
211        </activity>
212        <activity
212-->src/main/AndroidManifest.xml:178:9-188:20
213            android:name="com.android.settings.homepage.DeepLinkHomepageActivityInternal"
213-->src/main/AndroidManifest.xml:178:19-76
214            android:configChanges="orientation|keyboard|keyboardHidden|screenSize|screenLayout|smallestScreenSize"
214-->src/main/AndroidManifest.xml:185:19-121
215            android:excludeFromRecents="true"
215-->src/main/AndroidManifest.xml:184:19-52
216            android:exported="false"
216-->src/main/AndroidManifest.xml:183:19-43
217            android:label="@string/settings_label_launcher"
217-->src/main/AndroidManifest.xml:179:19-66
218            android:launchMode="singleTask"
218-->src/main/AndroidManifest.xml:182:19-50
219            android:taskAffinity=""
219-->src/main/AndroidManifest.xml:181:19-42
220            android:theme="@style/Theme.Settings.Home.NoAnimation" >
220-->src/main/AndroidManifest.xml:180:19-73
221            <meta-data
221-->src/main/AndroidManifest.xml:157:13-158:47
222                android:name="com.android.settings.PRIMARY_PROFILE_CONTROLLED"
222-->src/main/AndroidManifest.xml:157:24-86
223                android:value="true" />
223-->src/main/AndroidManifest.xml:158:24-44
224        </activity>
225
226        <receiver
226-->src/main/AndroidManifest.xml:205:9-211:20
227            android:name="com.android.settings.SettingsInitialize"
227-->src/main/AndroidManifest.xml:205:19-53
228            android:exported="true" >
228-->src/main/AndroidManifest.xml:206:13-36
229            <intent-filter>
229-->src/main/AndroidManifest.xml:207:13-210:29
230                <action android:name="android.intent.action.USER_INITIALIZE" />
230-->src/main/AndroidManifest.xml:208:17-79
230-->src/main/AndroidManifest.xml:208:25-77
231                <action android:name="android.intent.action.PRE_BOOT_COMPLETED" />
231-->src/main/AndroidManifest.xml:209:17-82
231-->src/main/AndroidManifest.xml:209:25-80
232            </intent-filter>
233        </receiver>
234
235        <activity
235-->src/main/AndroidManifest.xml:213:9-216:70
236            android:name="com.android.settings.SubSettings"
236-->src/main/AndroidManifest.xml:213:19-46
237            android:exported="false"
237-->src/main/AndroidManifest.xml:214:19-43
238            android:taskAffinity="com.android.settings.root"
238-->src/main/AndroidManifest.xml:216:19-67
239            android:theme="@style/Theme.SubSettings" />
239-->src/main/AndroidManifest.xml:215:19-59
240        <activity
240-->src/main/AndroidManifest.xml:218:9-228:20
241            android:name="com.android.settings.Settings$CreateShortcutActivity"
241-->src/main/AndroidManifest.xml:218:19-66
242            android:exported="true"
242-->src/main/AndroidManifest.xml:219:19-42
243            android:label="@string/settings_shortcut" >
243-->src/main/AndroidManifest.xml:220:19-60
244            <intent-filter>
244-->src/main/AndroidManifest.xml:221:13-224:29